<?xml version="1.0" encoding="UTF-8"?>
<!-- Generated by org.testng.reporters.JUnitReportReporter -->
<testsuite hostname="EPUALVIW1156" name="com.epam.tasks.firstTask.tests.NewGmailTest" tests="6" failures="0" timestamp="2 Nov 2015 10:18:35 GMT" time="11.958" errors="0">
  <testcase name="enterPW" time="4.079" classname="com.epam.tasks.firstTask.tests.NewGmailTest"/>
  <testcase name="checkWarningMessage" time="0.613" classname="com.epam.tasks.firstTask.tests.NewGmailTest"/>
  <testcase name="composeLetter" time="2.730" classname="com.epam.tasks.firstTask.tests.NewGmailTest"/>
  <testcase name="sendLetter" time="1.706" classname="com.epam.tasks.firstTask.tests.NewGmailTest"/>
  <testcase name="enterLogin" time="2.745" classname="com.epam.tasks.firstTask.tests.NewGmailTest"/>
  <testcase name="checkSentLetter" time="0.085" classname="com.epam.tasks.firstTask.tests.NewGmailTest"/>
</testsuite> <!-- com.epam.tasks.firstTask.tests.NewGmailTest -->
