<?xml version="1.0" encoding="UTF-8"?>
<!-- Generated by org.testng.reporters.JUnitReportReporter -->
<testsuite hostname="EPUALVIW1156" name="com.epam.tasks.firstTask.tests.NewTest" tests="6" failures="0" timestamp="2 Nov 2015 08:45:04 GMT" time="10.472" errors="0">
  <testcase name="checkWarningMessage" time="0.237" classname="com.epam.tasks.firstTask.tests.NewTest"/>
  <testcase name="enterPW" time="3.212" classname="com.epam.tasks.firstTask.tests.NewTest"/>
  <testcase name="composeLetter" time="2.983" classname="com.epam.tasks.firstTask.tests.NewTest"/>
  <testcase name="checkSentLetter" time="0.274" classname="com.epam.tasks.firstTask.tests.NewTest"/>
  <testcase name="sendLetter" time="1.637" classname="com.epam.tasks.firstTask.tests.NewTest"/>
  <testcase name="enterLogin" time="2.129" classname="com.epam.tasks.firstTask.tests.NewTest"/>
</testsuite> <!-- com.epam.tasks.firstTask.tests.NewTest -->
