<?xml version="1.0" encoding="UTF-8"?>
<!-- Generated by org.testng.reporters.JUnitReportReporter -->
<testsuite hostname="EPUALVIW1156" name="first.task.tests.GmailDraftsTests" tests="10" failures="0" timestamp="12 Nov 2015 11:11:48 GMT" time="771.327" errors="0">
  <testcase name="verifyDraftMessageWithOpenThema" time="58.117" classname="first.task.tests.GmailDraftsTests"/>
  <testcase name="verifyDraftMessageWithOpenThema" time="99.929" classname="first.task.tests.GmailDraftsTests"/>
  <testcase name="verifyDraftMessageWithOpenThema" time="104.130" classname="first.task.tests.GmailDraftsTests"/>
  <testcase name="verifyDraftMessageWithOpenThema" time="108.472" classname="first.task.tests.GmailDraftsTests"/>
  <testcase name="verifyDraftMessageWithOpenThema" time="41.782" classname="first.task.tests.GmailDraftsTests"/>
  <testcase name="verifyDraftMessageWithOpenThema" time="57.328" classname="first.task.tests.GmailDraftsTests"/>
  <testcase name="verifyDraftMessageWithOpenThema" time="98.353" classname="first.task.tests.GmailDraftsTests"/>
  <testcase name="verifyDraftMessageWithOpenThema" time="57.276" classname="first.task.tests.GmailDraftsTests"/>
  <testcase name="verifyDraftMessageWithOpenThema" time="95.113" classname="first.task.tests.GmailDraftsTests"/>
  <testcase name="verifyDraftMessageWithOpenThema" time="50.827" classname="first.task.tests.GmailDraftsTests"/>
</testsuite> <!-- first.task.tests.GmailDraftsTests -->
