<?xml version="1.0" encoding="UTF-8"?>
<!-- Generated by org.testng.reporters.JUnitReportReporter -->
<testsuite hostname="EPUALVIW1156" name="com.epam.tesks.firstTask.pageObjectsTests.GmailDraftsTests" tests="5" failures="0" timestamp="5 Nov 2015 08:15:52 GMT" time="9.767" errors="0">
  <testcase name="verifyDraftMessageWithOutOpen" time="0.098" classname="com.epam.tesks.firstTask.pageObjectsTests.GmailDraftsTests"/>
  <testcase name="openDraft" time="3.977" classname="com.epam.tesks.firstTask.pageObjectsTests.GmailDraftsTests"/>
  <testcase name="loginWithRightData" time="5.096" classname="com.epam.tesks.firstTask.pageObjectsTests.GmailDraftsTests"/>
  <testcase name="verifyDraftMessageWithOpenTo" time="0.477" classname="com.epam.tesks.firstTask.pageObjectsTests.GmailDraftsTests"/>
  <testcase name="verifyDraftMessageWithOpenThema" time="0.119" classname="com.epam.tesks.firstTask.pageObjectsTests.GmailDraftsTests"/>
</testsuite> <!-- com.epam.tesks.firstTask.pageObjectsTests.GmailDraftsTests -->
